mode: set
rail-booking/cmd/server/main.go:15.13,20.16 3 0
rail-booking/cmd/server/main.go:20.16,22.3 1 0
rail-booking/cmd/server/main.go:25.2,34.12 6 0
rail-booking/cmd/server/main.go:34.12,35.7 1 0
rail-booking/cmd/server/main.go:35.7,46.4 4 0
rail-booking/cmd/server/main.go:49.2,57.46 6 0
rail-booking/cmd/server/main.go:57.46,59.3 1 0
rail-booking/cmd/client/main.go:26.13,30.16 3 0
rail-booking/cmd/client/main.go:30.16,32.3 1 0
rail-booking/cmd/client/main.go:33.2,56.33 10 0
rail-booking/cmd/client/main.go:60.78,64.16 4 0
rail-booking/cmd/client/main.go:64.16,66.3 1 0
rail-booking/cmd/client/main.go:67.2,77.16 7 0
rail-booking/cmd/client/main.go:77.16,79.3 1 0
rail-booking/cmd/client/main.go:79.8,81.3 1 0
rail-booking/cmd/client/main.go:82.2,82.17 1 0
rail-booking/cmd/client/main.go:85.82,89.16 4 0
rail-booking/cmd/client/main.go:89.16,91.3 1 0
rail-booking/cmd/client/main.go:92.2,100.16 6 0
rail-booking/cmd/client/main.go:100.16,102.3 1 0
rail-booking/cmd/client/main.go:103.2,110.16 6 0
rail-booking/cmd/client/main.go:110.16,112.3 1 0
rail-booking/cmd/client/main.go:112.8,114.3 1 0
rail-booking/cmd/client/main.go:115.2,115.17 1 0
rail-booking/cmd/client/main.go:118.79,122.16 4 0
rail-booking/cmd/client/main.go:122.16,124.3 1 0
rail-booking/cmd/client/main.go:125.2,126.17 2 0
rail-booking/cmd/client/main.go:129.83,133.16 4 0
rail-booking/cmd/client/main.go:133.16,135.3 1 0
rail-booking/cmd/client/main.go:136.2,137.17 2 0
rail-booking/cmd/client/main.go:140.78,144.16 4 0
rail-booking/cmd/client/main.go:144.16,146.3 1 0
rail-booking/cmd/client/main.go:147.2,154.16 6 0
rail-booking/cmd/client/main.go:154.16,156.3 1 0
rail-booking/cmd/client/main.go:156.8,158.3 1 0
rail-booking/cmd/client/main.go:159.2,159.17 1 0
rail-booking/cmd/client/main.go:162.76,168.16 4 0
rail-booking/cmd/client/main.go:168.16,170.3 1 0
rail-booking/cmd/client/main.go:171.2,179.16 6 0
rail-booking/cmd/client/main.go:179.16,181.3 1 0
rail-booking/cmd/client/main.go:181.8,183.3 1 0
rail-booking/cmd/client/main.go:184.2,190.16 5 0
rail-booking/cmd/client/main.go:190.16,192.3 1 0
rail-booking/cmd/client/main.go:193.2,194.17 2 0
rail-booking/protogen/user/user.pb.go:34.24,36.29 2 0
rail-booking/protogen/user/user.pb.go:36.29,40.3 3 0
rail-booking/protogen/user/user.pb.go:43.32,45.2 1 0
rail-booking/protogen/user/user.pb.go:47.30,47.31 0 0
rail-booking/protogen/user/user.pb.go:49.52,51.41 2 0
rail-booking/protogen/user/user.pb.go:51.41,53.34 2 0
rail-booking/protogen/user/user.pb.go:53.34,55.4 1 0
rail-booking/protogen/user/user.pb.go:56.3,56.12 1 0
rail-booking/protogen/user/user.pb.go:58.2,58.24 1 0
rail-booking/protogen/user/user.pb.go:62.43,64.2 1 0
rail-booking/protogen/user/user.pb.go:66.38,67.14 1 0
rail-booking/protogen/user/user.pb.go:67.14,69.3 1 0
rail-booking/protogen/user/user.pb.go:70.2,70.11 1 0
rail-booking/protogen/user/user.pb.go:73.37,74.14 1 0
rail-booking/protogen/user/user.pb.go:74.14,76.3 1 0
rail-booking/protogen/user/user.pb.go:77.2,77.11 1 0
rail-booking/protogen/user/user.pb.go:80.34,81.14 1 0
rail-booking/protogen/user/user.pb.go:81.14,83.3 1 0
rail-booking/protogen/user/user.pb.go:84.2,84.11 1 0
rail-booking/protogen/user/user.pb.go:107.48,108.45 1 0
rail-booking/protogen/user/user.pb.go:108.45,110.3 1 0
rail-booking/protogen/user/user.pb.go:111.2,111.41 1 0
rail-booking/protogen/user/user.pb.go:126.13,126.44 1 0
rail-booking/protogen/user/user.pb.go:127.34,128.33 1 0
rail-booking/protogen/user/user.pb.go:128.33,130.3 1 0
rail-booking/protogen/user/user.pb.go:131.2,131.30 1 0
rail-booking/protogen/user/user.pb.go:131.30,132.86 1 0
rail-booking/protogen/user/user.pb.go:132.86,133.29 1 0
rail-booking/protogen/user/user.pb.go:134.11,135.20 1 0
rail-booking/protogen/user/user.pb.go:136.11,137.24 1 0
rail-booking/protogen/user/user.pb.go:138.11,139.28 1 0
rail-booking/protogen/user/user.pb.go:140.12,141.15 1 0
rail-booking/protogen/user/user.pb.go:145.2,162.36 6 0
rail-booking/protogen/seats/seats.pb.go:32.25,34.29 2 0
rail-booking/protogen/seats/seats.pb.go:34.29,38.3 3 0
rail-booking/protogen/seats/seats.pb.go:41.33,43.2 1 0
rail-booking/protogen/seats/seats.pb.go:45.31,45.32 0 0
rail-booking/protogen/seats/seats.pb.go:47.53,49.41 2 0
rail-booking/protogen/seats/seats.pb.go:49.41,51.34 2 0
rail-booking/protogen/seats/seats.pb.go:51.34,53.4 1 0
rail-booking/protogen/seats/seats.pb.go:54.3,54.12 1 0
rail-booking/protogen/seats/seats.pb.go:56.2,56.24 1 0
rail-booking/protogen/seats/seats.pb.go:60.44,62.2 1 0
rail-booking/protogen/seats/seats.pb.go:64.33,65.14 1 0
rail-booking/protogen/seats/seats.pb.go:65.14,67.3 1 0
rail-booking/protogen/seats/seats.pb.go:68.2,68.10 1 0
rail-booking/protogen/seats/seats.pb.go:71.37,72.14 1 0
rail-booking/protogen/seats/seats.pb.go:72.14,74.3 1 0
rail-booking/protogen/seats/seats.pb.go:75.2,75.11 1 0
rail-booking/protogen/seats/seats.pb.go:96.50,97.47 1 0
rail-booking/protogen/seats/seats.pb.go:97.47,99.3 1 0
rail-booking/protogen/seats/seats.pb.go:100.2,100.43 1 0
rail-booking/protogen/seats/seats.pb.go:115.13,115.46 1 0
rail-booking/protogen/seats/seats.pb.go:116.36,117.35 1 0
rail-booking/protogen/seats/seats.pb.go:117.35,119.3 1 0
rail-booking/protogen/seats/seats.pb.go:120.2,120.30 1 0
rail-booking/protogen/seats/seats.pb.go:120.30,121.88 1 0
rail-booking/protogen/seats/seats.pb.go:121.88,122.30 1 0
rail-booking/protogen/seats/seats.pb.go:123.11,124.20 1 0
rail-booking/protogen/seats/seats.pb.go:125.11,126.24 1 0
rail-booking/protogen/seats/seats.pb.go:127.11,128.28 1 0
rail-booking/protogen/seats/seats.pb.go:129.12,130.15 1 0
rail-booking/protogen/seats/seats.pb.go:134.2,151.38 6 0
rail-booking/protogen/booking/booking.pb.go:39.27,41.29 2 0
rail-booking/protogen/booking/booking.pb.go:41.29,45.3 3 0
rail-booking/protogen/booking/booking.pb.go:48.35,50.2 1 0
rail-booking/protogen/booking/booking.pb.go:52.33,52.34 0 0
rail-booking/protogen/booking/booking.pb.go:54.55,56.41 2 0
rail-booking/protogen/booking/booking.pb.go:56.41,58.34 2 0
rail-booking/protogen/booking/booking.pb.go:58.34,60.4 1 0
rail-booking/protogen/booking/booking.pb.go:61.3,61.12 1 0
rail-booking/protogen/booking/booking.pb.go:63.2,63.24 1 0
rail-booking/protogen/booking/booking.pb.go:67.46,69.2 1 0
rail-booking/protogen/booking/booking.pb.go:71.34,72.14 1 0
rail-booking/protogen/booking/booking.pb.go:72.14,74.3 1 0
rail-booking/protogen/booking/booking.pb.go:75.2,75.11 1 0
rail-booking/protogen/booking/booking.pb.go:78.36,79.14 1 0
rail-booking/protogen/booking/booking.pb.go:79.14,81.3 1 0
rail-booking/protogen/booking/booking.pb.go:82.2,82.11 1 0
rail-booking/protogen/booking/booking.pb.go:85.34,86.14 1 0
rail-booking/protogen/booking/booking.pb.go:86.14,88.3 1 0
rail-booking/protogen/booking/booking.pb.go:89.2,89.11 1 0
rail-booking/protogen/booking/booking.pb.go:92.38,93.14 1 0
rail-booking/protogen/booking/booking.pb.go:93.14,95.3 1 0
rail-booking/protogen/booking/booking.pb.go:96.2,96.10 1 0
rail-booking/protogen/booking/booking.pb.go:99.35,100.14 1 0
rail-booking/protogen/booking/booking.pb.go:100.14,102.3 1 0
rail-booking/protogen/booking/booking.pb.go:103.2,103.10 1 0
rail-booking/protogen/booking/booking.pb.go:106.39,107.14 1 0
rail-booking/protogen/booking/booking.pb.go:107.14,109.3 1 0
rail-booking/protogen/booking/booking.pb.go:110.2,110.11 1 0
rail-booking/protogen/booking/booking.pb.go:113.40,114.14 1 0
rail-booking/protogen/booking/booking.pb.go:114.14,116.3 1 0
rail-booking/protogen/booking/booking.pb.go:117.2,117.12 1 0
rail-booking/protogen/booking/booking.pb.go:126.25,128.29 2 0
rail-booking/protogen/booking/booking.pb.go:128.29,132.3 3 0
rail-booking/protogen/booking/booking.pb.go:135.33,137.2 1 0
rail-booking/protogen/booking/booking.pb.go:139.31,139.32 0 0
rail-booking/protogen/booking/booking.pb.go:141.53,143.41 2 0
rail-booking/protogen/booking/booking.pb.go:143.41,145.34 2 0
rail-booking/protogen/booking/booking.pb.go:145.34,147.4 1 0
rail-booking/protogen/booking/booking.pb.go:148.3,148.12 1 0
rail-booking/protogen/booking/booking.pb.go:150.2,150.24 1 0
rail-booking/protogen/booking/booking.pb.go:154.44,156.2 1 0
rail-booking/protogen/booking/booking.pb.go:170.34,172.29 2 0
rail-booking/protogen/booking/booking.pb.go:172.29,176.3 3 0
rail-booking/protogen/booking/booking.pb.go:179.42,181.2 1 0
rail-booking/protogen/booking/booking.pb.go:183.40,183.41 0 0
rail-booking/protogen/booking/booking.pb.go:185.62,187.41 2 0
rail-booking/protogen/booking/booking.pb.go:187.41,189.34 2 0
rail-booking/protogen/booking/booking.pb.go:189.34,191.4 1 0
rail-booking/protogen/booking/booking.pb.go:192.3,192.12 1 0
rail-booking/protogen/booking/booking.pb.go:194.2,194.24 1 0
rail-booking/protogen/booking/booking.pb.go:198.53,200.2 1 0
rail-booking/protogen/booking/booking.pb.go:202.43,203.14 1 0
rail-booking/protogen/booking/booking.pb.go:203.14,205.3 1 0
rail-booking/protogen/booking/booking.pb.go:206.2,206.11 1 0
rail-booking/protogen/booking/booking.pb.go:209.41,210.14 1 0
rail-booking/protogen/booking/booking.pb.go:210.14,212.3 1 0
rail-booking/protogen/booking/booking.pb.go:213.2,213.11 1 0
rail-booking/protogen/booking/booking.pb.go:216.45,217.14 1 0
rail-booking/protogen/booking/booking.pb.go:217.14,219.3 1 0
rail-booking/protogen/booking/booking.pb.go:220.2,220.10 1 0
rail-booking/protogen/booking/booking.pb.go:223.47,224.14 1 0
rail-booking/protogen/booking/booking.pb.go:224.14,226.3 1 0
rail-booking/protogen/booking/booking.pb.go:227.2,227.12 1 0
rail-booking/protogen/booking/booking.pb.go:239.31,241.29 2 0
rail-booking/protogen/booking/booking.pb.go:241.29,245.3 3 0
rail-booking/protogen/booking/booking.pb.go:248.39,250.2 1 0
rail-booking/protogen/booking/booking.pb.go:252.37,252.38 0 0
rail-booking/protogen/booking/booking.pb.go:254.59,256.41 2 0
rail-booking/protogen/booking/booking.pb.go:256.41,258.34 2 0
rail-booking/protogen/booking/booking.pb.go:258.34,260.4 1 0
rail-booking/protogen/booking/booking.pb.go:261.3,261.12 1 0
rail-booking/protogen/booking/booking.pb.go:263.2,263.24 1 0
rail-booking/protogen/booking/booking.pb.go:267.50,269.2 1 0
rail-booking/protogen/booking/booking.pb.go:271.48,272.14 1 0
rail-booking/protogen/booking/booking.pb.go:272.14,274.3 1 0
rail-booking/protogen/booking/booking.pb.go:275.2,275.12 1 0
rail-booking/protogen/booking/booking.pb.go:287.45,289.29 2 0
rail-booking/protogen/booking/booking.pb.go:289.29,293.3 3 0
rail-booking/protogen/booking/booking.pb.go:296.53,298.2 1 0
rail-booking/protogen/booking/booking.pb.go:300.51,300.52 0 0
rail-booking/protogen/booking/booking.pb.go:302.73,304.41 2 0
rail-booking/protogen/booking/booking.pb.go:304.41,306.34 2 0
rail-booking/protogen/booking/booking.pb.go:306.34,308.4 1 0
rail-booking/protogen/booking/booking.pb.go:309.3,309.12 1 0
rail-booking/protogen/booking/booking.pb.go:311.2,311.24 1 0
rail-booking/protogen/booking/booking.pb.go:315.64,317.2 1 0
rail-booking/protogen/booking/booking.pb.go:319.57,320.14 1 0
rail-booking/protogen/booking/booking.pb.go:320.14,322.3 1 0
rail-booking/protogen/booking/booking.pb.go:323.2,323.11 1 0
rail-booking/protogen/booking/booking.pb.go:335.43,337.29 2 0
rail-booking/protogen/booking/booking.pb.go:337.29,341.3 3 0
rail-booking/protogen/booking/booking.pb.go:344.51,346.2 1 0
rail-booking/protogen/booking/booking.pb.go:348.49,348.50 0 0
rail-booking/protogen/booking/booking.pb.go:350.71,352.41 2 0
rail-booking/protogen/booking/booking.pb.go:352.41,354.34 2 0
rail-booking/protogen/booking/booking.pb.go:354.34,356.4 1 0
rail-booking/protogen/booking/booking.pb.go:357.3,357.12 1 0
rail-booking/protogen/booking/booking.pb.go:359.2,359.24 1 0
rail-booking/protogen/booking/booking.pb.go:363.62,365.2 1 0
rail-booking/protogen/booking/booking.pb.go:367.56,368.14 1 0
rail-booking/protogen/booking/booking.pb.go:368.14,370.3 1 0
rail-booking/protogen/booking/booking.pb.go:371.2,371.12 1 0
rail-booking/protogen/booking/booking.pb.go:383.40,385.29 2 0
rail-booking/protogen/booking/booking.pb.go:385.29,389.3 3 0
rail-booking/protogen/booking/booking.pb.go:392.48,394.2 1 0
rail-booking/protogen/booking/booking.pb.go:396.46,396.47 0 0
rail-booking/protogen/booking/booking.pb.go:398.68,400.41 2 0
rail-booking/protogen/booking/booking.pb.go:400.41,402.34 2 0
rail-booking/protogen/booking/booking.pb.go:402.34,404.4 1 0
rail-booking/protogen/booking/booking.pb.go:405.3,405.12 1 0
rail-booking/protogen/booking/booking.pb.go:407.2,407.24 1 0
rail-booking/protogen/booking/booking.pb.go:411.59,413.2 1 0
rail-booking/protogen/booking/booking.pb.go:415.53,416.14 1 0
rail-booking/protogen/booking/booking.pb.go:416.14,418.3 1 0
rail-booking/protogen/booking/booking.pb.go:419.2,419.12 1 0
rail-booking/protogen/booking/booking.pb.go:431.41,433.29 2 0
rail-booking/protogen/booking/booking.pb.go:433.29,437.3 3 0
rail-booking/protogen/booking/booking.pb.go:440.49,442.2 1 0
rail-booking/protogen/booking/booking.pb.go:444.47,444.48 0 0
rail-booking/protogen/booking/booking.pb.go:446.69,448.41 2 0
rail-booking/protogen/booking/booking.pb.go:448.41,450.34 2 0
rail-booking/protogen/booking/booking.pb.go:450.34,452.4 1 0
rail-booking/protogen/booking/booking.pb.go:453.3,453.12 1 0
rail-booking/protogen/booking/booking.pb.go:455.2,455.24 1 0
rail-booking/protogen/booking/booking.pb.go:459.60,461.2 1 0
rail-booking/protogen/booking/booking.pb.go:463.53,464.14 1 0
rail-booking/protogen/booking/booking.pb.go:464.14,466.3 1 0
rail-booking/protogen/booking/booking.pb.go:467.2,467.11 1 0
rail-booking/protogen/booking/booking.pb.go:481.43,483.29 2 0
rail-booking/protogen/booking/booking.pb.go:483.29,487.3 3 0
rail-booking/protogen/booking/booking.pb.go:490.51,492.2 1 0
rail-booking/protogen/booking/booking.pb.go:494.49,494.50 0 0
rail-booking/protogen/booking/booking.pb.go:496.71,498.41 2 0
rail-booking/protogen/booking/booking.pb.go:498.41,500.34 2 0
rail-booking/protogen/booking/booking.pb.go:500.34,502.4 1 0
rail-booking/protogen/booking/booking.pb.go:503.3,503.12 1 0
rail-booking/protogen/booking/booking.pb.go:505.2,505.24 1 0
rail-booking/protogen/booking/booking.pb.go:509.62,511.2 1 0
rail-booking/protogen/booking/booking.pb.go:513.55,514.14 1 0
rail-booking/protogen/booking/booking.pb.go:514.14,516.3 1 0
rail-booking/protogen/booking/booking.pb.go:517.2,517.11 1 0
rail-booking/protogen/booking/booking.pb.go:520.51,521.14 1 0
rail-booking/protogen/booking/booking.pb.go:521.14,523.3 1 0
rail-booking/protogen/booking/booking.pb.go:524.2,524.10 1 0
rail-booking/protogen/booking/booking.pb.go:527.56,528.14 1 0
rail-booking/protogen/booking/booking.pb.go:528.14,530.3 1 0
rail-booking/protogen/booking/booking.pb.go:531.2,531.12 1 0
rail-booking/protogen/booking/booking.pb.go:543.44,545.29 2 0
rail-booking/protogen/booking/booking.pb.go:545.29,549.3 3 0
rail-booking/protogen/booking/booking.pb.go:552.52,554.2 1 0
rail-booking/protogen/booking/booking.pb.go:556.50,556.51 0 0
rail-booking/protogen/booking/booking.pb.go:558.72,560.41 2 0
rail-booking/protogen/booking/booking.pb.go:560.41,562.34 2 0
rail-booking/protogen/booking/booking.pb.go:562.34,564.4 1 0
rail-booking/protogen/booking/booking.pb.go:565.3,565.12 1 0
rail-booking/protogen/booking/booking.pb.go:567.2,567.24 1 0
rail-booking/protogen/booking/booking.pb.go:571.63,573.2 1 0
rail-booking/protogen/booking/booking.pb.go:575.56,576.14 1 0
rail-booking/protogen/booking/booking.pb.go:576.14,578.3 1 0
rail-booking/protogen/booking/booking.pb.go:579.2,579.11 1 0
rail-booking/protogen/booking/booking.pb.go:591.40,593.29 2 0
rail-booking/protogen/booking/booking.pb.go:593.29,597.3 3 0
rail-booking/protogen/booking/booking.pb.go:600.48,602.2 1 0
rail-booking/protogen/booking/booking.pb.go:604.46,604.47 0 0
rail-booking/protogen/booking/booking.pb.go:606.68,608.41 2 0
rail-booking/protogen/booking/booking.pb.go:608.41,610.34 2 0
rail-booking/protogen/booking/booking.pb.go:610.34,612.4 1 0
rail-booking/protogen/booking/booking.pb.go:613.3,613.12 1 0
rail-booking/protogen/booking/booking.pb.go:615.2,615.24 1 0
rail-booking/protogen/booking/booking.pb.go:619.59,621.2 1 0
rail-booking/protogen/booking/booking.pb.go:623.52,624.14 1 0
rail-booking/protogen/booking/booking.pb.go:624.14,626.3 1 0
rail-booking/protogen/booking/booking.pb.go:627.2,627.11 1 0
rail-booking/protogen/booking/booking.pb.go:719.54,720.51 1 0
rail-booking/protogen/booking/booking.pb.go:720.51,722.3 1 0
rail-booking/protogen/booking/booking.pb.go:723.2,723.47 1 0
rail-booking/protogen/booking/booking.pb.go:769.13,769.50 1 0
rail-booking/protogen/booking/booking.pb.go:770.40,771.39 1 0
rail-booking/protogen/booking/booking.pb.go:771.39,773.3 1 0
rail-booking/protogen/booking/booking.pb.go:774.2,774.30 1 0
rail-booking/protogen/booking/booking.pb.go:774.30,775.92 1 0
rail-booking/protogen/booking/booking.pb.go:775.92,776.32 1 0
rail-booking/protogen/booking/booking.pb.go:777.11,778.20 1 0
rail-booking/protogen/booking/booking.pb.go:779.11,780.24 1 0
rail-booking/protogen/booking/booking.pb.go:781.11,782.28 1 0
rail-booking/protogen/booking/booking.pb.go:783.12,784.15 1 0
rail-booking/protogen/booking/booking.pb.go:787.3,787.92 1 0
rail-booking/protogen/booking/booking.pb.go:787.92,788.30 1 0
rail-booking/protogen/booking/booking.pb.go:789.11,790.20 1 0
rail-booking/protogen/booking/booking.pb.go:791.11,792.24 1 0
rail-booking/protogen/booking/booking.pb.go:793.11,794.28 1 0
rail-booking/protogen/booking/booking.pb.go:795.12,796.15 1 0
rail-booking/protogen/booking/booking.pb.go:799.3,799.92 1 0
rail-booking/protogen/booking/booking.pb.go:799.92,800.39 1 0
rail-booking/protogen/booking/booking.pb.go:801.11,802.20 1 0
rail-booking/protogen/booking/booking.pb.go:803.11,804.24 1 0
rail-booking/protogen/booking/booking.pb.go:805.11,806.28 1 0
rail-booking/protogen/booking/booking.pb.go:807.12,808.15 1 0
rail-booking/protogen/booking/booking.pb.go:811.3,811.92 1 0
rail-booking/protogen/booking/booking.pb.go:811.92,812.36 1 0
rail-booking/protogen/booking/booking.pb.go:813.11,814.20 1 0
rail-booking/protogen/booking/booking.pb.go:815.11,816.24 1 0
rail-booking/protogen/booking/booking.pb.go:817.11,818.28 1 0
rail-booking/protogen/booking/booking.pb.go:819.12,820.15 1 0
rail-booking/protogen/booking/booking.pb.go:823.3,823.92 1 0
rail-booking/protogen/booking/booking.pb.go:823.92,824.50 1 0
rail-booking/protogen/booking/booking.pb.go:825.11,826.20 1 0
rail-booking/protogen/booking/booking.pb.go:827.11,828.24 1 0
rail-booking/protogen/booking/booking.pb.go:829.11,830.28 1 0
rail-booking/protogen/booking/booking.pb.go:831.12,832.15 1 0
rail-booking/protogen/booking/booking.pb.go:835.3,835.92 1 0
rail-booking/protogen/booking/booking.pb.go:835.92,836.48 1 0
rail-booking/protogen/booking/booking.pb.go:837.11,838.20 1 0
rail-booking/protogen/booking/booking.pb.go:839.11,840.24 1 0
rail-booking/protogen/booking/booking.pb.go:841.11,842.28 1 0
rail-booking/protogen/booking/booking.pb.go:843.12,844.15 1 0
rail-booking/protogen/booking/booking.pb.go:847.3,847.92 1 0
rail-booking/protogen/booking/booking.pb.go:847.92,848.45 1 0
rail-booking/protogen/booking/booking.pb.go:849.11,850.20 1 0
rail-booking/protogen/booking/booking.pb.go:851.11,852.24 1 0
rail-booking/protogen/booking/booking.pb.go:853.11,854.28 1 0
rail-booking/protogen/booking/booking.pb.go:855.12,856.15 1 0
rail-booking/protogen/booking/booking.pb.go:859.3,859.92 1 0
rail-booking/protogen/booking/booking.pb.go:859.92,860.46 1 0
rail-booking/protogen/booking/booking.pb.go:861.11,862.20 1 0
rail-booking/protogen/booking/booking.pb.go:863.11,864.24 1 0
rail-booking/protogen/booking/booking.pb.go:865.11,866.28 1 0
rail-booking/protogen/booking/booking.pb.go:867.12,868.15 1 0
rail-booking/protogen/booking/booking.pb.go:871.3,871.92 1 0
rail-booking/protogen/booking/booking.pb.go:871.92,872.48 1 0
rail-booking/protogen/booking/booking.pb.go:873.11,874.20 1 0
rail-booking/protogen/booking/booking.pb.go:875.11,876.24 1 0
rail-booking/protogen/booking/booking.pb.go:877.11,878.28 1 0
rail-booking/protogen/booking/booking.pb.go:879.12,880.15 1 0
rail-booking/protogen/booking/booking.pb.go:883.3,883.92 1 0
rail-booking/protogen/booking/booking.pb.go:883.92,884.49 1 0
rail-booking/protogen/booking/booking.pb.go:885.11,886.20 1 0
rail-booking/protogen/booking/booking.pb.go:887.11,888.24 1 0
rail-booking/protogen/booking/booking.pb.go:889.11,890.28 1 0
rail-booking/protogen/booking/booking.pb.go:891.12,892.15 1 0
rail-booking/protogen/booking/booking.pb.go:895.3,895.93 1 0
rail-booking/protogen/booking/booking.pb.go:895.93,896.45 1 0
rail-booking/protogen/booking/booking.pb.go:897.11,898.20 1 0
rail-booking/protogen/booking/booking.pb.go:899.11,900.24 1 0
rail-booking/protogen/booking/booking.pb.go:901.11,902.28 1 0
rail-booking/protogen/booking/booking.pb.go:903.12,904.15 1 0
rail-booking/protogen/booking/booking.pb.go:908.2,925.42 6 0
rail-booking/protogen/booking/booking_grpc.pb.go:57.80,59.2 1 0
rail-booking/protogen/booking/booking_grpc.pb.go:61.128,65.16 4 0
rail-booking/protogen/booking/booking_grpc.pb.go:65.16,67.3 1 0
rail-booking/protogen/booking/booking_grpc.pb.go:68.2,68.17 1 0
rail-booking/protogen/booking/booking_grpc.pb.go:71.142,75.16 4 0
rail-booking/protogen/booking/booking_grpc.pb.go:75.16,77.3 1 0
rail-booking/protogen/booking/booking_grpc.pb.go:78.2,78.17 1 0
rail-booking/protogen/booking/booking_grpc.pb.go:81.126,85.16 4 0
rail-booking/protogen/booking/booking_grpc.pb.go:85.16,87.3 1 0
rail-booking/protogen/booking/booking_grpc.pb.go:88.2,88.17 1 0
rail-booking/protogen/booking/booking_grpc.pb.go:91.150,95.16 4 0
rail-booking/protogen/booking/booking_grpc.pb.go:95.16,97.3 1 0
rail-booking/protogen/booking/booking_grpc.pb.go:98.2,98.17 1 0
rail-booking/protogen/booking/booking_grpc.pb.go:101.150,105.16 4 0
rail-booking/protogen/booking/booking_grpc.pb.go:105.16,107.3 1 0
rail-booking/protogen/booking/booking_grpc.pb.go:108.2,108.17 1 0
rail-booking/protogen/booking/booking_grpc.pb.go:111.159,115.16 4 0
rail-booking/protogen/booking/booking_grpc.pb.go:115.16,117.3 1 0
rail-booking/protogen/booking/booking_grpc.pb.go:118.2,118.17 1 0
rail-booking/protogen/booking/booking_grpc.pb.go:121.143,125.16 4 0
rail-booking/protogen/booking/booking_grpc.pb.go:125.16,127.3 1 0
rail-booking/protogen/booking/booking_grpc.pb.go:128.2,128.17 1 0
rail-booking/protogen/booking/booking_grpc.pb.go:158.106,160.2 1 0
rail-booking/protogen/booking/booking_grpc.pb.go:161.120,163.2 1 0
rail-booking/protogen/booking/booking_grpc.pb.go:164.104,166.2 1 0
rail-booking/protogen/booking/booking_grpc.pb.go:167.128,169.2 1 0
rail-booking/protogen/booking/booking_grpc.pb.go:170.128,172.2 1 0
rail-booking/protogen/booking/booking_grpc.pb.go:173.137,175.2 1 0
rail-booking/protogen/booking/booking_grpc.pb.go:176.121,178.2 1 0
rail-booking/protogen/booking/booking_grpc.pb.go:179.88,179.89 0 0
rail-booking/protogen/booking/booking_grpc.pb.go:188.86,190.2 1 0
rail-booking/protogen/booking/booking_grpc.pb.go:192.171,194.32 2 0
rail-booking/protogen/booking/booking_grpc.pb.go:194.32,196.3 1 0
rail-booking/protogen/booking/booking_grpc.pb.go:197.2,197.24 1 0
rail-booking/protogen/booking/booking_grpc.pb.go:197.24,199.3 1 0
rail-booking/protogen/booking/booking_grpc.pb.go:200.2,204.77 2 0
rail-booking/protogen/booking/booking_grpc.pb.go:204.77,206.3 1 0
rail-booking/protogen/booking/booking_grpc.pb.go:207.2,207.44 1 0
rail-booking/protogen/booking/booking_grpc.pb.go:210.176,212.32 2 0
rail-booking/protogen/booking/booking_grpc.pb.go:212.32,214.3 1 0
rail-booking/protogen/booking/booking_grpc.pb.go:215.2,215.24 1 0
rail-booking/protogen/booking/booking_grpc.pb.go:215.24,217.3 1 0
rail-booking/protogen/booking/booking_grpc.pb.go:218.2,222.77 2 0
rail-booking/protogen/booking/booking_grpc.pb.go:222.77,224.3 1 0
rail-booking/protogen/booking/booking_grpc.pb.go:225.2,225.44 1 0
rail-booking/protogen/booking/booking_grpc.pb.go:228.174,230.32 2 0
rail-booking/protogen/booking/booking_grpc.pb.go:230.32,232.3 1 0
rail-booking/protogen/booking/booking_grpc.pb.go:233.2,233.24 1 0
rail-booking/protogen/booking/booking_grpc.pb.go:233.24,235.3 1 0
rail-booking/protogen/booking/booking_grpc.pb.go:236.2,240.77 2 0
rail-booking/protogen/booking/booking_grpc.pb.go:240.77,242.3 1 0
rail-booking/protogen/booking/booking_grpc.pb.go:243.2,243.44 1 0
rail-booking/protogen/booking/booking_grpc.pb.go:246.178,248.32 2 0
rail-booking/protogen/booking/booking_grpc.pb.go:248.32,250.3 1 0
rail-booking/protogen/booking/booking_grpc.pb.go:251.2,251.24 1 0
rail-booking/protogen/booking/booking_grpc.pb.go:251.24,253.3 1 0
rail-booking/protogen/booking/booking_grpc.pb.go:254.2,258.77 2 0
rail-booking/protogen/booking/booking_grpc.pb.go:258.77,260.3 1 0
rail-booking/protogen/booking/booking_grpc.pb.go:261.2,261.44 1 0
rail-booking/protogen/booking/booking_grpc.pb.go:264.173,266.32 2 0
rail-booking/protogen/booking/booking_grpc.pb.go:266.32,268.3 1 0
rail-booking/protogen/booking/booking_grpc.pb.go:269.2,269.24 1 0
rail-booking/protogen/booking/booking_grpc.pb.go:269.24,271.3 1 0
rail-booking/protogen/booking/booking_grpc.pb.go:272.2,276.77 2 0
rail-booking/protogen/booking/booking_grpc.pb.go:276.77,278.3 1 0
rail-booking/protogen/booking/booking_grpc.pb.go:279.2,279.44 1 0
rail-booking/protogen/booking/booking_grpc.pb.go:282.176,284.32 2 0
rail-booking/protogen/booking/booking_grpc.pb.go:284.32,286.3 1 0
rail-booking/protogen/booking/booking_grpc.pb.go:287.2,287.24 1 0
rail-booking/protogen/booking/booking_grpc.pb.go:287.24,289.3 1 0
rail-booking/protogen/booking/booking_grpc.pb.go:290.2,294.77 2 0
rail-booking/protogen/booking/booking_grpc.pb.go:294.77,296.3 1 0
rail-booking/protogen/booking/booking_grpc.pb.go:297.2,297.44 1 0
rail-booking/protogen/booking/booking_grpc.pb.go:300.182,302.32 2 0
rail-booking/protogen/booking/booking_grpc.pb.go:302.32,304.3 1 0
rail-booking/protogen/booking/booking_grpc.pb.go:305.2,305.24 1 0
rail-booking/protogen/booking/booking_grpc.pb.go:305.24,307.3 1 0
rail-booking/protogen/booking/booking_grpc.pb.go:308.2,312.77 2 0
rail-booking/protogen/booking/booking_grpc.pb.go:312.77,314.3 1 0
rail-booking/protogen/booking/booking_grpc.pb.go:315.2,315.44 1 0
rail-booking/internal/allocateseat.go:16.44,18.2 1 1
rail-booking/internal/allocateseat.go:19.13,21.2 1 1
rail-booking/internal/allocateseat.go:27.59,34.17 5 1
rail-booking/internal/allocateseat.go:34.17,38.61 4 1
rail-booking/internal/allocateseat.go:38.61,41.4 2 0
rail-booking/internal/allocateseat.go:43.2,44.23 2 1
rail-booking/internal/db.go:22.18,26.2 1 1
rail-booking/internal/db.go:30.68,32.33 2 1
rail-booking/internal/db.go:32.33,33.51 1 0
rail-booking/internal/db.go:33.51,36.4 2 0
rail-booking/internal/db.go:38.2,40.28 3 1
rail-booking/internal/db.go:40.28,42.3 1 1
rail-booking/internal/db.go:42.8,44.3 1 1
rail-booking/internal/db.go:45.2,46.21 2 1
rail-booking/internal/db.go:50.92,52.33 2 1
rail-booking/internal/db.go:52.33,53.44 1 1
rail-booking/internal/db.go:53.44,55.4 1 1
rail-booking/internal/db.go:57.2,58.41 2 0
rail-booking/internal/db.go:62.56,65.27 3 1
rail-booking/internal/db.go:65.27,67.3 1 1
rail-booking/internal/db.go:67.8,70.3 2 0
rail-booking/internal/db.go:71.2,72.25 2 1
rail-booking/internal/db.go:76.93,79.33 3 1
rail-booking/internal/db.go:79.33,80.36 1 1
rail-booking/internal/db.go:80.36,82.4 1 0
rail-booking/internal/db.go:84.2,85.25 2 1
rail-booking/internal/db.go:89.110,91.33 2 1
rail-booking/internal/db.go:91.33,92.54 1 1
rail-booking/internal/db.go:92.54,95.24 3 1
rail-booking/internal/db.go:95.24,97.5 1 0
rail-booking/internal/db.go:97.10,99.5 1 1
rail-booking/internal/db.go:100.4,101.73 2 1
rail-booking/internal/db.go:105.2,106.45 2 0
rail-booking/internal/db.go:110.113,112.33 2 1
rail-booking/internal/db.go:112.33,114.48 1 1
rail-booking/internal/db.go:114.48,116.43 2 1
rail-booking/internal/db.go:116.43,118.25 2 1
rail-booking/internal/db.go:118.25,122.6 3 0
rail-booking/internal/db.go:122.11,126.6 3 1
rail-booking/internal/db.go:128.4,132.77 5 1
rail-booking/internal/db.go:135.2,136.45 2 0
rail-booking/internal/db.go:140.79,142.94 2 1
rail-booking/internal/db.go:142.94,145.3 2 0
rail-booking/internal/db.go:146.2,146.33 1 1
rail-booking/internal/db.go:146.33,148.67 2 0
rail-booking/internal/db.go:148.67,150.4 1 0
rail-booking/internal/db.go:152.2,153.42 2 1
rail-booking/internal/railbookingservice.go:23.73,25.2 1 1
rail-booking/internal/railbookingservice.go:28.115,32.16 3 1
rail-booking/internal/railbookingservice.go:32.16,34.3 1 0
rail-booking/internal/railbookingservice.go:35.2,45.17 11 1
rail-booking/internal/railbookingservice.go:45.17,47.3 1 0
rail-booking/internal/railbookingservice.go:48.2,50.21 2 1
rail-booking/internal/railbookingservice.go:54.129,57.16 3 1
rail-booking/internal/railbookingservice.go:57.16,59.3 1 0
rail-booking/internal/railbookingservice.go:60.2,61.21 2 1
rail-booking/internal/railbookingservice.go:65.106,68.16 3 1
rail-booking/internal/railbookingservice.go:68.16,70.3 1 0
rail-booking/internal/railbookingservice.go:71.2,72.25 2 1
rail-booking/internal/railbookingservice.go:76.130,79.16 3 1
rail-booking/internal/railbookingservice.go:79.16,81.3 1 0
rail-booking/internal/railbookingservice.go:82.2,83.25 2 1
rail-booking/internal/railbookingservice.go:87.147,90.16 3 1
rail-booking/internal/railbookingservice.go:90.16,92.3 1 0
rail-booking/internal/railbookingservice.go:93.2,94.27 2 1
rail-booking/internal/railbookingservice.go:98.146,101.16 3 1
rail-booking/internal/railbookingservice.go:101.16,103.3 1 0
rail-booking/internal/railbookingservice.go:104.2,105.28 2 1
rail-booking/internal/railbookingservice.go:109.123,115.2 5 0
rail-booking/protogen/booking/booking.pb.go:39.27,41.29 2 1
rail-booking/protogen/booking/booking.pb.go:41.29,45.3 3 1
rail-booking/protogen/booking/booking.pb.go:48.35,50.2 1 1
rail-booking/protogen/booking/booking.pb.go:52.33,52.34 0 0
rail-booking/protogen/booking/booking.pb.go:54.55,56.41 2 1
rail-booking/protogen/booking/booking.pb.go:56.41,58.34 2 1
rail-booking/protogen/booking/booking.pb.go:58.34,60.4 1 1
rail-booking/protogen/booking/booking.pb.go:61.3,61.12 1 1
rail-booking/protogen/booking/booking.pb.go:63.2,63.24 1 1
rail-booking/protogen/booking/booking.pb.go:67.46,69.2 1 0
rail-booking/protogen/booking/booking.pb.go:71.34,72.14 1 0
rail-booking/protogen/booking/booking.pb.go:72.14,74.3 1 0
rail-booking/protogen/booking/booking.pb.go:75.2,75.11 1 0
rail-booking/protogen/booking/booking.pb.go:78.36,79.14 1 0
rail-booking/protogen/booking/booking.pb.go:79.14,81.3 1 0
rail-booking/protogen/booking/booking.pb.go:82.2,82.11 1 0
rail-booking/protogen/booking/booking.pb.go:85.34,86.14 1 0
rail-booking/protogen/booking/booking.pb.go:86.14,88.3 1 0
rail-booking/protogen/booking/booking.pb.go:89.2,89.11 1 0
rail-booking/protogen/booking/booking.pb.go:92.38,93.14 1 0
rail-booking/protogen/booking/booking.pb.go:93.14,95.3 1 0
rail-booking/protogen/booking/booking.pb.go:96.2,96.10 1 0
rail-booking/protogen/booking/booking.pb.go:99.35,100.14 1 0
rail-booking/protogen/booking/booking.pb.go:100.14,102.3 1 0
rail-booking/protogen/booking/booking.pb.go:103.2,103.10 1 0
rail-booking/protogen/booking/booking.pb.go:106.39,107.14 1 1
rail-booking/protogen/booking/booking.pb.go:107.14,109.3 1 1
rail-booking/protogen/booking/booking.pb.go:110.2,110.11 1 0
rail-booking/protogen/booking/booking.pb.go:113.40,114.14 1 0
rail-booking/protogen/booking/booking.pb.go:114.14,116.3 1 0
rail-booking/protogen/booking/booking.pb.go:117.2,117.12 1 0
rail-booking/protogen/booking/booking.pb.go:126.25,128.29 2 1
rail-booking/protogen/booking/booking.pb.go:128.29,132.3 3 1
rail-booking/protogen/booking/booking.pb.go:135.33,137.2 1 0
rail-booking/protogen/booking/booking.pb.go:139.31,139.32 0 0
rail-booking/protogen/booking/booking.pb.go:141.53,143.41 2 1
rail-booking/protogen/booking/booking.pb.go:143.41,145.34 2 1
rail-booking/protogen/booking/booking.pb.go:145.34,147.4 1 1
rail-booking/protogen/booking/booking.pb.go:148.3,148.12 1 1
rail-booking/protogen/booking/booking.pb.go:150.2,150.24 1 0
rail-booking/protogen/booking/booking.pb.go:154.44,156.2 1 0
rail-booking/protogen/booking/booking.pb.go:170.34,172.29 2 1
rail-booking/protogen/booking/booking.pb.go:172.29,176.3 3 1
rail-booking/protogen/booking/booking.pb.go:179.42,181.2 1 0
rail-booking/protogen/booking/booking.pb.go:183.40,183.41 0 0
rail-booking/protogen/booking/booking.pb.go:185.62,187.41 2 1
rail-booking/protogen/booking/booking.pb.go:187.41,189.34 2 1
rail-booking/protogen/booking/booking.pb.go:189.34,191.4 1 1
rail-booking/protogen/booking/booking.pb.go:192.3,192.12 1 1
rail-booking/protogen/booking/booking.pb.go:194.2,194.24 1 0
rail-booking/protogen/booking/booking.pb.go:198.53,200.2 1 0
rail-booking/protogen/booking/booking.pb.go:202.43,203.14 1 1
rail-booking/protogen/booking/booking.pb.go:203.14,205.3 1 1
rail-booking/protogen/booking/booking.pb.go:206.2,206.11 1 0
rail-booking/protogen/booking/booking.pb.go:209.41,210.14 1 1
rail-booking/protogen/booking/booking.pb.go:210.14,212.3 1 1
rail-booking/protogen/booking/booking.pb.go:213.2,213.11 1 0
rail-booking/protogen/booking/booking.pb.go:216.45,217.14 1 1
rail-booking/protogen/booking/booking.pb.go:217.14,219.3 1 1
rail-booking/protogen/booking/booking.pb.go:220.2,220.10 1 0
rail-booking/protogen/booking/booking.pb.go:223.47,224.14 1 1
rail-booking/protogen/booking/booking.pb.go:224.14,226.3 1 1
rail-booking/protogen/booking/booking.pb.go:227.2,227.12 1 0
rail-booking/protogen/booking/booking.pb.go:239.31,241.29 2 1
rail-booking/protogen/booking/booking.pb.go:241.29,245.3 3 1
rail-booking/protogen/booking/booking.pb.go:248.39,250.2 1 0
rail-booking/protogen/booking/booking.pb.go:252.37,252.38 0 0
rail-booking/protogen/booking/booking.pb.go:254.59,256.41 2 1
rail-booking/protogen/booking/booking.pb.go:256.41,258.34 2 1
rail-booking/protogen/booking/booking.pb.go:258.34,260.4 1 1
rail-booking/protogen/booking/booking.pb.go:261.3,261.12 1 1
rail-booking/protogen/booking/booking.pb.go:263.2,263.24 1 0
rail-booking/protogen/booking/booking.pb.go:267.50,269.2 1 0
rail-booking/protogen/booking/booking.pb.go:271.48,272.14 1 1
rail-booking/protogen/booking/booking.pb.go:272.14,274.3 1 1
rail-booking/protogen/booking/booking.pb.go:275.2,275.12 1 0
rail-booking/protogen/booking/booking.pb.go:287.45,289.29 2 1
rail-booking/protogen/booking/booking.pb.go:289.29,293.3 3 1
rail-booking/protogen/booking/booking.pb.go:296.53,298.2 1 0
rail-booking/protogen/booking/booking.pb.go:300.51,300.52 0 0
rail-booking/protogen/booking/booking.pb.go:302.73,304.41 2 1
rail-booking/protogen/booking/booking.pb.go:304.41,306.34 2 1
rail-booking/protogen/booking/booking.pb.go:306.34,308.4 1 1
rail-booking/protogen/booking/booking.pb.go:309.3,309.12 1 1
rail-booking/protogen/booking/booking.pb.go:311.2,311.24 1 0
rail-booking/protogen/booking/booking.pb.go:315.64,317.2 1 0
rail-booking/protogen/booking/booking.pb.go:319.57,320.14 1 1
rail-booking/protogen/booking/booking.pb.go:320.14,322.3 1 1
rail-booking/protogen/booking/booking.pb.go:323.2,323.11 1 0
rail-booking/protogen/booking/booking.pb.go:335.43,337.29 2 1
rail-booking/protogen/booking/booking.pb.go:337.29,341.3 3 1
rail-booking/protogen/booking/booking.pb.go:344.51,346.2 1 0
rail-booking/protogen/booking/booking.pb.go:348.49,348.50 0 0
rail-booking/protogen/booking/booking.pb.go:350.71,352.41 2 1
rail-booking/protogen/booking/booking.pb.go:352.41,354.34 2 1
rail-booking/protogen/booking/booking.pb.go:354.34,356.4 1 1
rail-booking/protogen/booking/booking.pb.go:357.3,357.12 1 1
rail-booking/protogen/booking/booking.pb.go:359.2,359.24 1 0
rail-booking/protogen/booking/booking.pb.go:363.62,365.2 1 0
rail-booking/protogen/booking/booking.pb.go:367.56,368.14 1 0
rail-booking/protogen/booking/booking.pb.go:368.14,370.3 1 0
rail-booking/protogen/booking/booking.pb.go:371.2,371.12 1 0
rail-booking/protogen/booking/booking.pb.go:383.40,385.29 2 1
rail-booking/protogen/booking/booking.pb.go:385.29,389.3 3 1
rail-booking/protogen/booking/booking.pb.go:392.48,394.2 1 0
rail-booking/protogen/booking/booking.pb.go:396.46,396.47 0 0
rail-booking/protogen/booking/booking.pb.go:398.68,400.41 2 1
rail-booking/protogen/booking/booking.pb.go:400.41,402.34 2 1
rail-booking/protogen/booking/booking.pb.go:402.34,404.4 1 1
rail-booking/protogen/booking/booking.pb.go:405.3,405.12 1 1
rail-booking/protogen/booking/booking.pb.go:407.2,407.24 1 0
rail-booking/protogen/booking/booking.pb.go:411.59,413.2 1 0
rail-booking/protogen/booking/booking.pb.go:415.53,416.14 1 0
rail-booking/protogen/booking/booking.pb.go:416.14,418.3 1 0
rail-booking/protogen/booking/booking.pb.go:419.2,419.12 1 0
rail-booking/protogen/booking/booking.pb.go:431.41,433.29 2 1
rail-booking/protogen/booking/booking.pb.go:433.29,437.3 3 1
rail-booking/protogen/booking/booking.pb.go:440.49,442.2 1 0
rail-booking/protogen/booking/booking.pb.go:444.47,444.48 0 0
rail-booking/protogen/booking/booking.pb.go:446.69,448.41 2 1
rail-booking/protogen/booking/booking.pb.go:448.41,450.34 2 1
rail-booking/protogen/booking/booking.pb.go:450.34,452.4 1 1
rail-booking/protogen/booking/booking.pb.go:453.3,453.12 1 1
rail-booking/protogen/booking/booking.pb.go:455.2,455.24 1 0
rail-booking/protogen/booking/booking.pb.go:459.60,461.2 1 0
rail-booking/protogen/booking/booking.pb.go:463.53,464.14 1 1
rail-booking/protogen/booking/booking.pb.go:464.14,466.3 1 1
rail-booking/protogen/booking/booking.pb.go:467.2,467.11 1 0
rail-booking/protogen/booking/booking.pb.go:481.43,483.29 2 1
rail-booking/protogen/booking/booking.pb.go:483.29,487.3 3 1
rail-booking/protogen/booking/booking.pb.go:490.51,492.2 1 0
rail-booking/protogen/booking/booking.pb.go:494.49,494.50 0 0
rail-booking/protogen/booking/booking.pb.go:496.71,498.41 2 1
rail-booking/protogen/booking/booking.pb.go:498.41,500.34 2 1
rail-booking/protogen/booking/booking.pb.go:500.34,502.4 1 1
rail-booking/protogen/booking/booking.pb.go:503.3,503.12 1 1
rail-booking/protogen/booking/booking.pb.go:505.2,505.24 1 0
rail-booking/protogen/booking/booking.pb.go:509.62,511.2 1 0
rail-booking/protogen/booking/booking.pb.go:513.55,514.14 1 0
rail-booking/protogen/booking/booking.pb.go:514.14,516.3 1 0
rail-booking/protogen/booking/booking.pb.go:517.2,517.11 1 0
rail-booking/protogen/booking/booking.pb.go:520.51,521.14 1 0
rail-booking/protogen/booking/booking.pb.go:521.14,523.3 1 0
rail-booking/protogen/booking/booking.pb.go:524.2,524.10 1 0
rail-booking/protogen/booking/booking.pb.go:527.56,528.14 1 0
rail-booking/protogen/booking/booking.pb.go:528.14,530.3 1 0
rail-booking/protogen/booking/booking.pb.go:531.2,531.12 1 0
rail-booking/protogen/booking/booking.pb.go:543.44,545.29 2 1
rail-booking/protogen/booking/booking.pb.go:545.29,549.3 3 1
rail-booking/protogen/booking/booking.pb.go:552.52,554.2 1 0
rail-booking/protogen/booking/booking.pb.go:556.50,556.51 0 0
rail-booking/protogen/booking/booking.pb.go:558.72,560.41 2 1
rail-booking/protogen/booking/booking.pb.go:560.41,562.34 2 1
rail-booking/protogen/booking/booking.pb.go:562.34,564.4 1 1
rail-booking/protogen/booking/booking.pb.go:565.3,565.12 1 1
rail-booking/protogen/booking/booking.pb.go:567.2,567.24 1 0
rail-booking/protogen/booking/booking.pb.go:571.63,573.2 1 0
rail-booking/protogen/booking/booking.pb.go:575.56,576.14 1 1
rail-booking/protogen/booking/booking.pb.go:576.14,578.3 1 1
rail-booking/protogen/booking/booking.pb.go:579.2,579.11 1 0
rail-booking/protogen/booking/booking.pb.go:591.40,593.29 2 0
rail-booking/protogen/booking/booking.pb.go:593.29,597.3 3 0
rail-booking/protogen/booking/booking.pb.go:600.48,602.2 1 0
rail-booking/protogen/booking/booking.pb.go:604.46,604.47 0 0
rail-booking/protogen/booking/booking.pb.go:606.68,608.41 2 0
rail-booking/protogen/booking/booking.pb.go:608.41,610.34 2 0
rail-booking/protogen/booking/booking.pb.go:610.34,612.4 1 0
rail-booking/protogen/booking/booking.pb.go:613.3,613.12 1 0
rail-booking/protogen/booking/booking.pb.go:615.2,615.24 1 0
rail-booking/protogen/booking/booking.pb.go:619.59,621.2 1 0
rail-booking/protogen/booking/booking.pb.go:623.52,624.14 1 0
rail-booking/protogen/booking/booking.pb.go:624.14,626.3 1 0
rail-booking/protogen/booking/booking.pb.go:627.2,627.11 1 0
rail-booking/protogen/booking/booking.pb.go:719.54,720.51 1 0
rail-booking/protogen/booking/booking.pb.go:720.51,722.3 1 0
rail-booking/protogen/booking/booking.pb.go:723.2,723.47 1 0
rail-booking/protogen/booking/booking.pb.go:769.13,769.50 1 1
rail-booking/protogen/booking/booking.pb.go:770.40,771.39 1 1
rail-booking/protogen/booking/booking.pb.go:771.39,773.3 1 0
rail-booking/protogen/booking/booking.pb.go:774.2,774.30 1 1
rail-booking/protogen/booking/booking.pb.go:774.30,775.92 1 0
rail-booking/protogen/booking/booking.pb.go:775.92,776.32 1 0
rail-booking/protogen/booking/booking.pb.go:777.11,778.20 1 0
rail-booking/protogen/booking/booking.pb.go:779.11,780.24 1 0
rail-booking/protogen/booking/booking.pb.go:781.11,782.28 1 0
rail-booking/protogen/booking/booking.pb.go:783.12,784.15 1 0
rail-booking/protogen/booking/booking.pb.go:787.3,787.92 1 0
rail-booking/protogen/booking/booking.pb.go:787.92,788.30 1 0
rail-booking/protogen/booking/booking.pb.go:789.11,790.20 1 0
rail-booking/protogen/booking/booking.pb.go:791.11,792.24 1 0
rail-booking/protogen/booking/booking.pb.go:793.11,794.28 1 0
rail-booking/protogen/booking/booking.pb.go:795.12,796.15 1 0
rail-booking/protogen/booking/booking.pb.go:799.3,799.92 1 0
rail-booking/protogen/booking/booking.pb.go:799.92,800.39 1 0
rail-booking/protogen/booking/booking.pb.go:801.11,802.20 1 0
rail-booking/protogen/booking/booking.pb.go:803.11,804.24 1 0
rail-booking/protogen/booking/booking.pb.go:805.11,806.28 1 0
rail-booking/protogen/booking/booking.pb.go:807.12,808.15 1 0
rail-booking/protogen/booking/booking.pb.go:811.3,811.92 1 0
rail-booking/protogen/booking/booking.pb.go:811.92,812.36 1 0
rail-booking/protogen/booking/booking.pb.go:813.11,814.20 1 0
rail-booking/protogen/booking/booking.pb.go:815.11,816.24 1 0
rail-booking/protogen/booking/booking.pb.go:817.11,818.28 1 0
rail-booking/protogen/booking/booking.pb.go:819.12,820.15 1 0
rail-booking/protogen/booking/booking.pb.go:823.3,823.92 1 0
rail-booking/protogen/booking/booking.pb.go:823.92,824.50 1 0
rail-booking/protogen/booking/booking.pb.go:825.11,826.20 1 0
rail-booking/protogen/booking/booking.pb.go:827.11,828.24 1 0
rail-booking/protogen/booking/booking.pb.go:829.11,830.28 1 0
rail-booking/protogen/booking/booking.pb.go:831.12,832.15 1 0
rail-booking/protogen/booking/booking.pb.go:835.3,835.92 1 0
rail-booking/protogen/booking/booking.pb.go:835.92,836.48 1 0
rail-booking/protogen/booking/booking.pb.go:837.11,838.20 1 0
rail-booking/protogen/booking/booking.pb.go:839.11,840.24 1 0
rail-booking/protogen/booking/booking.pb.go:841.11,842.28 1 0
rail-booking/protogen/booking/booking.pb.go:843.12,844.15 1 0
rail-booking/protogen/booking/booking.pb.go:847.3,847.92 1 0
rail-booking/protogen/booking/booking.pb.go:847.92,848.45 1 0
rail-booking/protogen/booking/booking.pb.go:849.11,850.20 1 0
rail-booking/protogen/booking/booking.pb.go:851.11,852.24 1 0
rail-booking/protogen/booking/booking.pb.go:853.11,854.28 1 0
rail-booking/protogen/booking/booking.pb.go:855.12,856.15 1 0
rail-booking/protogen/booking/booking.pb.go:859.3,859.92 1 0
rail-booking/protogen/booking/booking.pb.go:859.92,860.46 1 0
rail-booking/protogen/booking/booking.pb.go:861.11,862.20 1 0
rail-booking/protogen/booking/booking.pb.go:863.11,864.24 1 0
rail-booking/protogen/booking/booking.pb.go:865.11,866.28 1 0
rail-booking/protogen/booking/booking.pb.go:867.12,868.15 1 0
rail-booking/protogen/booking/booking.pb.go:871.3,871.92 1 0
rail-booking/protogen/booking/booking.pb.go:871.92,872.48 1 0
rail-booking/protogen/booking/booking.pb.go:873.11,874.20 1 0
rail-booking/protogen/booking/booking.pb.go:875.11,876.24 1 0
rail-booking/protogen/booking/booking.pb.go:877.11,878.28 1 0
rail-booking/protogen/booking/booking.pb.go:879.12,880.15 1 0
rail-booking/protogen/booking/booking.pb.go:883.3,883.92 1 0
rail-booking/protogen/booking/booking.pb.go:883.92,884.49 1 0
rail-booking/protogen/booking/booking.pb.go:885.11,886.20 1 0
rail-booking/protogen/booking/booking.pb.go:887.11,888.24 1 0
rail-booking/protogen/booking/booking.pb.go:889.11,890.28 1 0
rail-booking/protogen/booking/booking.pb.go:891.12,892.15 1 0
rail-booking/protogen/booking/booking.pb.go:895.3,895.93 1 0
rail-booking/protogen/booking/booking.pb.go:895.93,896.45 1 0
rail-booking/protogen/booking/booking.pb.go:897.11,898.20 1 0
rail-booking/protogen/booking/booking.pb.go:899.11,900.24 1 0
rail-booking/protogen/booking/booking.pb.go:901.11,902.28 1 0
rail-booking/protogen/booking/booking.pb.go:903.12,904.15 1 0
rail-booking/protogen/booking/booking.pb.go:908.2,925.42 6 1
rail-booking/protogen/booking/booking_grpc.pb.go:57.80,59.2 1 1
rail-booking/protogen/booking/booking_grpc.pb.go:61.128,65.16 4 1
rail-booking/protogen/booking/booking_grpc.pb.go:65.16,67.3 1 0
rail-booking/protogen/booking/booking_grpc.pb.go:68.2,68.17 1 1
rail-booking/protogen/booking/booking_grpc.pb.go:71.142,75.16 4 1
rail-booking/protogen/booking/booking_grpc.pb.go:75.16,77.3 1 0
rail-booking/protogen/booking/booking_grpc.pb.go:78.2,78.17 1 1
rail-booking/protogen/booking/booking_grpc.pb.go:81.126,85.16 4 1
rail-booking/protogen/booking/booking_grpc.pb.go:85.16,87.3 1 0
rail-booking/protogen/booking/booking_grpc.pb.go:88.2,88.17 1 1
rail-booking/protogen/booking/booking_grpc.pb.go:91.150,95.16 4 1
rail-booking/protogen/booking/booking_grpc.pb.go:95.16,97.3 1 0
rail-booking/protogen/booking/booking_grpc.pb.go:98.2,98.17 1 1
rail-booking/protogen/booking/booking_grpc.pb.go:101.150,105.16 4 1
rail-booking/protogen/booking/booking_grpc.pb.go:105.16,107.3 1 0
rail-booking/protogen/booking/booking_grpc.pb.go:108.2,108.17 1 1
rail-booking/protogen/booking/booking_grpc.pb.go:111.159,115.16 4 1
rail-booking/protogen/booking/booking_grpc.pb.go:115.16,117.3 1 0
rail-booking/protogen/booking/booking_grpc.pb.go:118.2,118.17 1 1
rail-booking/protogen/booking/booking_grpc.pb.go:121.143,125.16 4 0
rail-booking/protogen/booking/booking_grpc.pb.go:125.16,127.3 1 0
rail-booking/protogen/booking/booking_grpc.pb.go:128.2,128.17 1 0
rail-booking/protogen/booking/booking_grpc.pb.go:158.106,160.2 1 0
rail-booking/protogen/booking/booking_grpc.pb.go:161.120,163.2 1 0
rail-booking/protogen/booking/booking_grpc.pb.go:164.104,166.2 1 0
rail-booking/protogen/booking/booking_grpc.pb.go:167.128,169.2 1 0
rail-booking/protogen/booking/booking_grpc.pb.go:170.128,172.2 1 0
rail-booking/protogen/booking/booking_grpc.pb.go:173.137,175.2 1 0
rail-booking/protogen/booking/booking_grpc.pb.go:176.121,178.2 1 0
rail-booking/protogen/booking/booking_grpc.pb.go:179.88,179.89 0 0
rail-booking/protogen/booking/booking_grpc.pb.go:188.86,190.2 1 1
rail-booking/protogen/booking/booking_grpc.pb.go:192.171,194.32 2 1
rail-booking/protogen/booking/booking_grpc.pb.go:194.32,196.3 1 0
rail-booking/protogen/booking/booking_grpc.pb.go:197.2,197.24 1 1
rail-booking/protogen/booking/booking_grpc.pb.go:197.24,199.3 1 1
rail-booking/protogen/booking/booking_grpc.pb.go:200.2,204.77 2 0
rail-booking/protogen/booking/booking_grpc.pb.go:204.77,206.3 1 0
rail-booking/protogen/booking/booking_grpc.pb.go:207.2,207.44 1 0
rail-booking/protogen/booking/booking_grpc.pb.go:210.176,212.32 2 1
rail-booking/protogen/booking/booking_grpc.pb.go:212.32,214.3 1 0
rail-booking/protogen/booking/booking_grpc.pb.go:215.2,215.24 1 1
rail-booking/protogen/booking/booking_grpc.pb.go:215.24,217.3 1 1
rail-booking/protogen/booking/booking_grpc.pb.go:218.2,222.77 2 0
rail-booking/protogen/booking/booking_grpc.pb.go:222.77,224.3 1 0
rail-booking/protogen/booking/booking_grpc.pb.go:225.2,225.44 1 0
rail-booking/protogen/booking/booking_grpc.pb.go:228.174,230.32 2 1
rail-booking/protogen/booking/booking_grpc.pb.go:230.32,232.3 1 0
rail-booking/protogen/booking/booking_grpc.pb.go:233.2,233.24 1 1
rail-booking/protogen/booking/booking_grpc.pb.go:233.24,235.3 1 1
rail-booking/protogen/booking/booking_grpc.pb.go:236.2,240.77 2 0
rail-booking/protogen/booking/booking_grpc.pb.go:240.77,242.3 1 0
rail-booking/protogen/booking/booking_grpc.pb.go:243.2,243.44 1 0
rail-booking/protogen/booking/booking_grpc.pb.go:246.178,248.32 2 1
rail-booking/protogen/booking/booking_grpc.pb.go:248.32,250.3 1 0
rail-booking/protogen/booking/booking_grpc.pb.go:251.2,251.24 1 1
rail-booking/protogen/booking/booking_grpc.pb.go:251.24,253.3 1 1
rail-booking/protogen/booking/booking_grpc.pb.go:254.2,258.77 2 0
rail-booking/protogen/booking/booking_grpc.pb.go:258.77,260.3 1 0
rail-booking/protogen/booking/booking_grpc.pb.go:261.2,261.44 1 0
rail-booking/protogen/booking/booking_grpc.pb.go:264.173,266.32 2 1
rail-booking/protogen/booking/booking_grpc.pb.go:266.32,268.3 1 0
rail-booking/protogen/booking/booking_grpc.pb.go:269.2,269.24 1 1
rail-booking/protogen/booking/booking_grpc.pb.go:269.24,271.3 1 1
rail-booking/protogen/booking/booking_grpc.pb.go:272.2,276.77 2 0
rail-booking/protogen/booking/booking_grpc.pb.go:276.77,278.3 1 0
rail-booking/protogen/booking/booking_grpc.pb.go:279.2,279.44 1 0
rail-booking/protogen/booking/booking_grpc.pb.go:282.176,284.32 2 1
rail-booking/protogen/booking/booking_grpc.pb.go:284.32,286.3 1 0
rail-booking/protogen/booking/booking_grpc.pb.go:287.2,287.24 1 1
rail-booking/protogen/booking/booking_grpc.pb.go:287.24,289.3 1 1
rail-booking/protogen/booking/booking_grpc.pb.go:290.2,294.77 2 0
rail-booking/protogen/booking/booking_grpc.pb.go:294.77,296.3 1 0
rail-booking/protogen/booking/booking_grpc.pb.go:297.2,297.44 1 0
rail-booking/protogen/booking/booking_grpc.pb.go:300.182,302.32 2 0
rail-booking/protogen/booking/booking_grpc.pb.go:302.32,304.3 1 0
rail-booking/protogen/booking/booking_grpc.pb.go:305.2,305.24 1 0
rail-booking/protogen/booking/booking_grpc.pb.go:305.24,307.3 1 0
rail-booking/protogen/booking/booking_grpc.pb.go:308.2,312.77 2 0
rail-booking/protogen/booking/booking_grpc.pb.go:312.77,314.3 1 0
rail-booking/protogen/booking/booking_grpc.pb.go:315.2,315.44 1 0
rail-booking/protogen/seats/seats.pb.go:32.25,34.29 2 0
rail-booking/protogen/seats/seats.pb.go:34.29,38.3 3 0
rail-booking/protogen/seats/seats.pb.go:41.33,43.2 1 1
rail-booking/protogen/seats/seats.pb.go:45.31,45.32 0 0
rail-booking/protogen/seats/seats.pb.go:47.53,49.41 2 1
rail-booking/protogen/seats/seats.pb.go:49.41,51.34 2 1
rail-booking/protogen/seats/seats.pb.go:51.34,53.4 1 1
rail-booking/protogen/seats/seats.pb.go:54.3,54.12 1 1
rail-booking/protogen/seats/seats.pb.go:56.2,56.24 1 0
rail-booking/protogen/seats/seats.pb.go:60.44,62.2 1 0
rail-booking/protogen/seats/seats.pb.go:64.33,65.14 1 1
rail-booking/protogen/seats/seats.pb.go:65.14,67.3 1 1
rail-booking/protogen/seats/seats.pb.go:68.2,68.10 1 0
rail-booking/protogen/seats/seats.pb.go:71.37,72.14 1 1
rail-booking/protogen/seats/seats.pb.go:72.14,74.3 1 1
rail-booking/protogen/seats/seats.pb.go:75.2,75.11 1 0
rail-booking/protogen/seats/seats.pb.go:96.50,97.47 1 0
rail-booking/protogen/seats/seats.pb.go:97.47,99.3 1 0
rail-booking/protogen/seats/seats.pb.go:100.2,100.43 1 0
rail-booking/protogen/seats/seats.pb.go:115.13,115.46 1 1
rail-booking/protogen/seats/seats.pb.go:116.36,117.35 1 1
rail-booking/protogen/seats/seats.pb.go:117.35,119.3 1 0
rail-booking/protogen/seats/seats.pb.go:120.2,120.30 1 1
rail-booking/protogen/seats/seats.pb.go:120.30,121.88 1 0
rail-booking/protogen/seats/seats.pb.go:121.88,122.30 1 0
rail-booking/protogen/seats/seats.pb.go:123.11,124.20 1 0
rail-booking/protogen/seats/seats.pb.go:125.11,126.24 1 0
rail-booking/protogen/seats/seats.pb.go:127.11,128.28 1 0
rail-booking/protogen/seats/seats.pb.go:129.12,130.15 1 0
rail-booking/protogen/seats/seats.pb.go:134.2,151.38 6 1
rail-booking/protogen/user/user.pb.go:34.24,36.29 2 0
rail-booking/protogen/user/user.pb.go:36.29,40.3 3 0
rail-booking/protogen/user/user.pb.go:43.32,45.2 1 0
rail-booking/protogen/user/user.pb.go:47.30,47.31 0 0
rail-booking/protogen/user/user.pb.go:49.52,51.41 2 1
rail-booking/protogen/user/user.pb.go:51.41,53.34 2 1
rail-booking/protogen/user/user.pb.go:53.34,55.4 1 1
rail-booking/protogen/user/user.pb.go:56.3,56.12 1 1
rail-booking/protogen/user/user.pb.go:58.2,58.24 1 1
rail-booking/protogen/user/user.pb.go:62.43,64.2 1 0
rail-booking/protogen/user/user.pb.go:66.38,67.14 1 0
rail-booking/protogen/user/user.pb.go:67.14,69.3 1 0
rail-booking/protogen/user/user.pb.go:70.2,70.11 1 0
rail-booking/protogen/user/user.pb.go:73.37,74.14 1 0
rail-booking/protogen/user/user.pb.go:74.14,76.3 1 0
rail-booking/protogen/user/user.pb.go:77.2,77.11 1 0
rail-booking/protogen/user/user.pb.go:80.34,81.14 1 0
rail-booking/protogen/user/user.pb.go:81.14,83.3 1 0
rail-booking/protogen/user/user.pb.go:84.2,84.11 1 0
rail-booking/protogen/user/user.pb.go:107.48,108.45 1 0
rail-booking/protogen/user/user.pb.go:108.45,110.3 1 0
rail-booking/protogen/user/user.pb.go:111.2,111.41 1 0
rail-booking/protogen/user/user.pb.go:126.13,126.44 1 1
rail-booking/protogen/user/user.pb.go:127.34,128.33 1 1
rail-booking/protogen/user/user.pb.go:128.33,130.3 1 0
rail-booking/protogen/user/user.pb.go:131.2,131.30 1 1
rail-booking/protogen/user/user.pb.go:131.30,132.86 1 0
rail-booking/protogen/user/user.pb.go:132.86,133.29 1 0
rail-booking/protogen/user/user.pb.go:134.11,135.20 1 0
rail-booking/protogen/user/user.pb.go:136.11,137.24 1 0
rail-booking/protogen/user/user.pb.go:138.11,139.28 1 0
rail-booking/protogen/user/user.pb.go:140.12,141.15 1 0
rail-booking/protogen/user/user.pb.go:145.2,162.36 6 1
